00:00:00.005068 main     VirtualBox COM Server 6.1.26 r145957 win.amd64 (Jul 28 2021 17:15:09) release log
00:00:00.005071 main     Log opened 2022-01-09T15:16:49.680021700Z
00:00:00.005071 main     Build Type: release
00:00:00.005077 main     OS Product: Windows 10
00:00:00.005078 main     OS Release: 10.0.19042
00:00:00.005079 main     OS Service Pack: 
00:00:00.133256 main     DMI Product Name: VivoBook_ASUSLaptop X415JA_A416JA
00:00:00.149958 main     DMI Product Version: 1.0       
00:00:00.149972 main     Firmware type: UEFI
00:00:00.150308 main     Secure Boot: VERR_PRIVILEGE_NOT_HELD
00:00:00.150328 main     Host RAM: 3836MB (3.7GB) total, 388MB available
00:00:00.150332 main     Executable: C:\Program Files\Oracle\VirtualBox\VBoxSVC.exe
00:00:00.150332 main     Process ID: 5132
00:00:00.150333 main     Package type: WINDOWS_64BITS_GENERIC
00:00:00.256026          VirtualBox: object creation starts
00:00:00.256487          Home directory: 'C:\Users\Asus\.VirtualBox'
00:00:00.259505          Installed Drivers:
00:00:00.264641            C:\Windows\system32\DRIVERS\VBoxNetLwf.sys (Version: 6.1.26.45957)
00:00:00.265173            C:\Windows\system32\DRIVERS\VBoxUSBMon.sys (Version: 6.1.26.45957)
00:00:00.265467            C:\Windows\system32\DRIVERS\VBoxDrv.sys (Version: 6.1.26.45957)
00:00:00.265927            C:\Windows\system32\DRIVERS\VBoxNetAdp6.sys (Version: 6.1.26.45957)
00:00:00.268377          Loading settings file "C:\Users\Asus\.VirtualBox\VirtualBox.xml" with version "1.12-windows"
00:00:00.271912          usbLibGetDevices: Starting USB device enumeration
00:00:00.272756          Getting USB descriptor (id 0) failed (dwErr=31) on hub USB#ROOT_HUB30#4&27bcf9ab&0&0#{f18a0e88-c30c-11d0-8815-00a0c906bed8} port 5
00:00:00.274439          Getting USB descriptor (id 0) failed (dwErr=31) on hub USB#ROOT_HUB30#4&27bcf9ab&0&0#{f18a0e88-c30c-11d0-8815-00a0c906bed8} port 10
00:00:00.276331          usbLibGetDevices: Found 3 USB devices, 0 captured
00:00:00.276373          USB: Unknown USB device detected (idVendor: 0x13d3, idProduct: 0x5a11)
00:00:00.276414          USB: Unknown USB device detected (idVendor: 0x8087, idProduct: 0x0aaa)
00:00:00.329254          HostDnsMonitor: initializing
00:00:00.341046          HostDnsMonitor: updating information
00:00:00.341082          HostDnsMonitor: old information
00:00:00.341083            no server entries
00:00:00.341084            no domain set
00:00:00.341085            no search string entries
00:00:00.341085          HostDnsMonitor: new information
00:00:00.341086            server 1: 192.168.1.1
00:00:00.341087            no domain set
00:00:00.341087            no search string entries
00:00:00.411138          VD: VDInit finished with VINF_SUCCESS
00:00:00.412973          VirtualBox: object created
00:00:41.752631 createBase Saving settings file "C:\Users\Asus\.VirtualBox\VirtualBox.xml" with version "1.12-windows"
00:00:42.316927          Saving settings file "C:\Users\Asus\VirtualBox VMs\Arch Linux\Arch Linux.vbox" with version "1.16-windows"
00:00:42.331384          Saving settings file "C:\Users\Asus\VirtualBox VMs\Arch Linux\Arch Linux.vbox" with version "1.16-windows"
00:00:42.343587          Saving settings file "C:\Users\Asus\.VirtualBox\VirtualBox.xml" with version "1.12-windows"
00:00:42.387730          Saving settings file "C:\Users\Asus\.VirtualBox\VirtualBox.xml" with version "1.12-windows"
00:00:42.404393          Saving settings file "C:\Users\Asus\VirtualBox VMs\Arch Linux\Arch Linux.vbox" with version "1.16-windows"
00:00:58.393804          Saving settings file "C:\Users\Asus\.VirtualBox\VirtualBox.xml" with version "1.12-windows"
00:00:58.410457          Saving settings file "C:\Users\Asus\VirtualBox VMs\Arch Linux\Arch Linux.vbox" with version "1.16-windows"
00:00:58.499464          Saving settings file "C:\Users\Asus\VirtualBox VMs\Arch Linux\Arch Linux.vbox" with version "1.16-windows"
00:00:59.608095          Launched VM: 75179312 pid: 23360 (0x5b40) frontend: GUI/Qt name: Arch Linux
00:01:07.977924          ERROR [COM]: aRC=VBOX_E_OBJECT_NOT_FOUND (0x80bb0001) aIID={70401eef-c8e9-466b-9660-45cb3e9979e4} aComponent={ExtPackManagerWrap} aText={No extension pack by the name 'Oracle VM VirtualBox Extension Pack' was found}, preserve=false aResultDetail=0
00:01:08.608899          ERROR [COM]: aRC=VBOX_E_IPRT_ERROR (0x80bb0005) aIID={85632c68-b5bb-4316-a900-5eb28d3413df} aComponent={SessionMachine} aText={Saved screenshot data is not available (VERR_NOT_SUPPORTED)}, preserve=false aResultDetail=-37
00:27:07.385296 USBPROXY usbLibGetDevices: Starting USB device enumeration
00:27:07.397562 USBPROXY Getting USB descriptor (id 0) failed (dwErr=31) on hub USB#ROOT_HUB30#4&27bcf9ab&0&0#{f18a0e88-c30c-11d0-8815-00a0c906bed8} port 5
00:27:07.401838 USBPROXY Getting USB descriptor (id 0) failed (dwErr=31) on hub USB#ROOT_HUB30#4&27bcf9ab&0&0#{f18a0e88-c30c-11d0-8815-00a0c906bed8} port 10
00:27:07.406782 USBPROXY usbLibGetDevices: Found 3 USB devices, 0 captured
00:55:29.334992          Saving settings file "C:\Users\Asus\VirtualBox VMs\Arch Linux\Arch Linux.vbox" with version "1.16-windows"
00:55:29.460356          Saving settings file "C:\Users\Asus\VirtualBox VMs\Arch Linux\Arch Linux.vbox" with version "1.16-windows"
00:56:09.665956          Saving settings file "C:\Users\Asus\VirtualBox VMs\Arch Linux\Arch Linux.vbox" with version "1.16-windows"
00:56:16.676456          Launched VM: 75238256 pid: 23736 (0x5cb8) frontend: GUI/Qt name: Arch Linux
00:56:25.041199          ERROR [COM]: aRC=VBOX_E_OBJECT_NOT_FOUND (0x80bb0001) aIID={70401eef-c8e9-466b-9660-45cb3e9979e4} aComponent={ExtPackManagerWrap} aText={No extension pack by the name 'Oracle VM VirtualBox Extension Pack' was found}, preserve=false aResultDetail=0
00:56:25.632729          ERROR [COM]: aRC=VBOX_E_IPRT_ERROR (0x80bb0005) aIID={85632c68-b5bb-4316-a900-5eb28d3413df} aComponent={SessionMachine} aText={Saved screenshot data is not available (VERR_NOT_SUPPORTED)}, preserve=false aResultDetail=-37
01:00:37.314932          Saving settings file "C:\Users\Asus\VirtualBox VMs\Arch Linux\Arch Linux.vbox" with version "1.16-windows"
01:00:37.354097          Saving settings file "C:\Users\Asus\VirtualBox VMs\Arch Linux\Arch Linux.vbox" with version "1.16-windows"
01:00:51.301549          Saving settings file "C:\Users\Asus\.VirtualBox\VirtualBox.xml" with version "1.12-windows"
01:00:51.335960          Saving settings file "C:\Users\Asus\.VirtualBox\VirtualBox.xml" with version "1.12-windows"
01:00:51.356972          Saving settings file "C:\Users\Asus\.VirtualBox\VirtualBox.xml" with version "1.12-windows"
01:00:57.428119 main     VirtualBox: object deletion starts
01:00:57.428219 main     ERROR [COM]: aRC=VBOX_E_OBJECT_IN_USE (0x80bb000c) aIID={ad47ad09-787b-44ab-b343-a082a3f2dfb1} aComponent={MediumWrap} aText={Medium 'C:\Users\Asus\VirtualBox VMs\Arch Linux\Arch Linux.vdi' cannot be closed because it is still attached to 1 virtual machines}, preserve=false aResultDetail=0
01:00:57.432101 main     HostDnsMonitor: shutting down ...
01:00:57.432953 main     HostDnsMonitor: shut down
01:00:57.441009 Watcher  ERROR [COM]: aRC=E_ACCESSDENIED (0x80070005) aIID={d0a0163f-e254-4e5b-a1f2-011cf991c38d} aComponent={VirtualBoxWrap} aText={The object is not ready}, preserve=false aResultDetail=0
01:00:57.442036 main     VirtualBox: object deleted
